<?xml version="1.0" encoding="UTF-8"?>
<testsuite xmlns:xsi="http://www.w3.org/2001/XMLSchema-instance" xsi:noNamespaceSchemaLocation="https://maven.apache.org/surefire/maven-surefire-plugin/xsd/surefire-test-report.xsd" name="uta.cse3310.GameStateTest" time="0.003" tests="5" errors="0" skipped="0" failures="0">
  <properties>
[...]
</properties>
  <testcase name="testSetAndGetPlayers" classname="uta.cse3310.GameStateTest" time="0"/>
  <testcase name="testRestartGameState" classname="uta.cse3310.GameStateTest" time="0.001"/>
  <testcase name="testSetAndGetGuessedLetters" classname="uta.cse3310.GameStateTest" time="0"/>
  <testcase name="testSetAndGetCurrentWord" classname="uta.cse3310.GameStateTest" time="0"/>
  <testcase name="testSetAndGetCurrentRound" classname="uta.cse3310.GameStateTest" time="0.001"/>
</testsuite>